<?xml version="1.0" encoding="UTF-8"?>
<!-- Generated by org.testng.reporters.JUnitReportReporter -->
<testsuite hostname="DESKTOP-0D82I2L" failures="0" tests="1" name="pack2.OrgTest" time="0.018" errors="0" timestamp="2024-05-17T16:20:54 IST" skipped="0">
  <testcase classname="pack2.OrgTest" name="createOrgTest" time="0.018"/>
</testsuite> <!-- pack2.OrgTest -->
